
> frontend@0.1.0 start
> PORT=3000 react-scripts start

(node:19875) [DEP_WEBPACK_DEV_SERVER_ON_AFTER_SETUP_MIDDLEWARE] DeprecationWarning: 'onAfterSetupMiddleware' option is deprecated. Please use the 'setupMiddlewares' option.
(Use `node --trace-deprecation ...` to show where the warning was created)
(node:19875) [DEP_WEBPACK_DEV_SERVER_ON_BEFORE_SETUP_MIDDLEWARE] DeprecationWarning: 'onBeforeSetupMiddleware' option is deprecated. Please use the 'setupMiddlewares' option.
Starting the development server...

Compiled with warnings.

[eslint] 
src/components/CapacityPricingCombined.js
  Line 12:3:  'Grid' is defined but never used  no-unused-vars

src/components/DrinkCard.js
  Line 15:3:    'Alert' is defined but never used                                                                                                                                                                                 no-unused-vars
  Line 49:9:    The 'availableCapacities' conditional could make the dependencies of useEffect Hook (at line 60) change on every render. To fix this, wrap the initialization of 'availableCapacities' in its own useMemo() Hook  react-hooks/exhaustive-deps
  Line 162:25:  'discount' is assigned a value but never used                                                                                                                                                                     no-unused-vars

src/components/EditDrinkDialog.js
  Line 27:12:  'ImageIcon' is defined but never used  no-unused-vars

src/contexts/AdminContext.js
  Line 17:10:  'socket' is assigned a value but never used  no-unused-vars

src/contexts/CartContext.js
  Line 9:13:  'itemKey' is assigned a value but never used  no-unused-vars

src/pages/CustomerLogin.js
  Line 82:6:  React Hook React.useEffect has a missing dependency: 'checkingPassword'. Either include it or remove the dependency array  react-hooks/exhaustive-deps

src/pages/Home.js
  Line 20:19:  'isDarkMode' is assigned a value but never used  no-unused-vars

src/pages/Menu.js
  Line 10:3:  'Chip' is defined but never used                                                                                 no-unused-vars
  Line 50:6:  React Hook useEffect has a missing dependency: 'filterDrinks'. Either include it or remove the dependency array  react-hooks/exhaustive-deps

src/pages/OrderSuccess.js
  Line 3:23:   'ShoppingCart' is defined but never used          no-unused-vars
  Line 20:10:  'orderStatus' is assigned a value but never used  no-unused-vars
  Line 21:10:  'isPolling' is assigned a value but never used    no-unused-vars

src/pages/Profile.js
  Line 9:3:    'Divider' is defined but never used            no-unused-vars
  Line 30:11:  'customer' is assigned a value but never used  no-unused-vars

src/pages/admin/AdminOverview.js
  Line 17:3:    'Dashboard' is defined but never used                                                                                                                                                            no-unused-vars
  Line 20:3:    'AttachMoney' is defined but never used                                                                                                                                                          no-unused-vars
  Line 25:3:    'Security' is defined but never used                                                                                                                                                             no-unused-vars
  Line 26:3:    'Notifications' is defined but never used                                                                                                                                                        no-unused-vars
  Line 46:10:   'socket' is assigned a value but never used                                                                                                                                                      no-unused-vars
  Line 100:6:   React Hook useEffect has a missing dependency: 'fetchPendingOrdersCount'. Either include it or remove the dependency array                                                                       react-hooks/exhaustive-deps
  Line 479:23:  Redundant alt attribute. Screen-readers already announce `img` tags as an image. You don’t need to use the words `image`, `photo,` or `picture` (or any specified custom words) in the alt prop  jsx-a11y/img-redundant-alt
  Line 537:21:  Redundant alt attribute. Screen-readers already announce `img` tags as an image. You don’t need to use the words `image`, `photo,` or `picture` (or any specified custom words) in the alt prop  jsx-a11y/img-redundant-alt

src/pages/admin/Drivers.js
  Line 38:3:  'Visibility' is defined but never used  no-unused-vars

src/pages/admin/Inventory.js
  Line 16:3:   'IconButton' is defined but never used                                                                           no-unused-vars
  Line 17:3:   'Tooltip' is defined but never used                                                                              no-unused-vars
  Line 25:3:   'Divider' is defined but never used                                                                              no-unused-vars
  Line 33:3:   'Visibility' is defined but never used                                                                           no-unused-vars
  Line 34:3:   'VisibilityOff' is defined but never used                                                                        no-unused-vars
  Line 92:6:   React Hook useEffect has a missing dependency: 'filterDrinks'. Either include it or remove the dependency array  react-hooks/exhaustive-deps
  Line 213:9:  'getAvailabilityColor' is assigned a value but never used                                                        no-unused-vars
  Line 217:9:  'getAvailabilityIcon' is assigned a value but never used                                                         no-unused-vars

src/pages/admin/Notifications.js
  Line 149:33:  Unnecessary escape character: \+  no-useless-escape
  Line 149:35:  Unnecessary escape character: \(  no-useless-escape
  Line 149:37:  Unnecessary escape character: \)  no-useless-escape

src/pages/admin/Orders.js
  Line 62:6:   React Hook useEffect has a missing dependency: 'fetchOrders'. Either include it or remove the dependency array                                                                                                                                                                                                                                            react-hooks/exhaustive-deps
  Line 171:6:  React Hook useEffect has missing dependencies: 'applyFilters', 'fetchOrders', 'orderStatusFilter', 'searchTerm', 'sortOrdersByStatus', and 'transactionStatusFilter'. Either include them or remove the dependency array. You can also replace multiple useState variables with useReducer if 'setOrders' needs the current value of 'orderStatusFilter'  react-hooks/exhaustive-deps
  Line 282:6:  React Hook useEffect has a missing dependency: 'applyFilters'. Either include it or remove the dependency array                                                                                                                                                                                                                                           react-hooks/exhaustive-deps

src/pages/admin/Transactions.js
  Line 32:3:  'Warning' is defined but never used                                                                                    no-unused-vars
  Line 34:3:  'AttachMoney' is defined but never used                                                                                no-unused-vars
  Line 62:6:  React Hook useEffect has a missing dependency: 'filterTransactions'. Either include it or remove the dependency array  react-hooks/exhaustive-deps

src/services/api.js
  Line 4:7:  'getApiUrl' is assigned a value but never used  no-unused-vars

Search for the keywords to learn more about each warning.
To ignore, add // eslint-disable-next-line to the line before.

WARNING in [eslint] 
src/components/CapacityPricingCombined.js
  Line 12:3:  'Grid' is defined but never used  no-unused-vars

src/components/DrinkCard.js
  Line 15:3:    'Alert' is defined but never used                                                                                                                                                                                 no-unused-vars
  Line 49:9:    The 'availableCapacities' conditional could make the dependencies of useEffect Hook (at line 60) change on every render. To fix this, wrap the initialization of 'availableCapacities' in its own useMemo() Hook  react-hooks/exhaustive-deps
  Line 162:25:  'discount' is assigned a value but never used                                                                                                                                                                     no-unused-vars

src/components/EditDrinkDialog.js
  Line 27:12:  'ImageIcon' is defined but never used  no-unused-vars

src/contexts/AdminContext.js
  Line 17:10:  'socket' is assigned a value but never used  no-unused-vars

src/contexts/CartContext.js
  Line 9:13:  'itemKey' is assigned a value but never used  no-unused-vars

src/pages/CustomerLogin.js
  Line 82:6:  React Hook React.useEffect has a missing dependency: 'checkingPassword'. Either include it or remove the dependency array  react-hooks/exhaustive-deps

src/pages/Home.js
  Line 20:19:  'isDarkMode' is assigned a value but never used  no-unused-vars

src/pages/Menu.js
  Line 10:3:  'Chip' is defined but never used                                                                                 no-unused-vars
  Line 50:6:  React Hook useEffect has a missing dependency: 'filterDrinks'. Either include it or remove the dependency array  react-hooks/exhaustive-deps

src/pages/OrderSuccess.js
  Line 3:23:   'ShoppingCart' is defined but never used          no-unused-vars
  Line 20:10:  'orderStatus' is assigned a value but never used  no-unused-vars
  Line 21:10:  'isPolling' is assigned a value but never used    no-unused-vars

src/pages/Profile.js
  Line 9:3:    'Divider' is defined but never used            no-unused-vars
  Line 30:11:  'customer' is assigned a value but never used  no-unused-vars

src/pages/admin/AdminOverview.js
  Line 17:3:    'Dashboard' is defined but never used                                                                                                                                                            no-unused-vars
  Line 20:3:    'AttachMoney' is defined but never used                                                                                                                                                          no-unused-vars
  Line 25:3:    'Security' is defined but never used                                                                                                                                                             no-unused-vars
  Line 26:3:    'Notifications' is defined but never used                                                                                                                                                        no-unused-vars
  Line 46:10:   'socket' is assigned a value but never used                                                                                                                                                      no-unused-vars
  Line 100:6:   React Hook useEffect has a missing dependency: 'fetchPendingOrdersCount'. Either include it or remove the dependency array                                                                       react-hooks/exhaustive-deps
  Line 479:23:  Redundant alt attribute. Screen-readers already announce `img` tags as an image. You don’t need to use the words `image`, `photo,` or `picture` (or any specified custom words) in the alt prop  jsx-a11y/img-redundant-alt
  Line 537:21:  Redundant alt attribute. Screen-readers already announce `img` tags as an image. You don’t need to use the words `image`, `photo,` or `picture` (or any specified custom words) in the alt prop  jsx-a11y/img-redundant-alt

src/pages/admin/Drivers.js
  Line 38:3:  'Visibility' is defined but never used  no-unused-vars

src/pages/admin/Inventory.js
  Line 16:3:   'IconButton' is defined but never used                                                                           no-unused-vars
  Line 17:3:   'Tooltip' is defined but never used                                                                              no-unused-vars
  Line 25:3:   'Divider' is defined but never used                                                                              no-unused-vars
  Line 33:3:   'Visibility' is defined but never used                                                                           no-unused-vars
  Line 34:3:   'VisibilityOff' is defined but never used                                                                        no-unused-vars
  Line 92:6:   React Hook useEffect has a missing dependency: 'filterDrinks'. Either include it or remove the dependency array  react-hooks/exhaustive-deps
  Line 213:9:  'getAvailabilityColor' is assigned a value but never used                                                        no-unused-vars
  Line 217:9:  'getAvailabilityIcon' is assigned a value but never used                                                         no-unused-vars

src/pages/admin/Notifications.js
  Line 149:33:  Unnecessary escape character: \+  no-useless-escape
  Line 149:35:  Unnecessary escape character: \(  no-useless-escape
  Line 149:37:  Unnecessary escape character: \)  no-useless-escape

src/pages/admin/Orders.js
  Line 62:6:   React Hook useEffect has a missing dependency: 'fetchOrders'. Either include it or remove the dependency array                                                                                                                                                                                                                                            react-hooks/exhaustive-deps
  Line 171:6:  React Hook useEffect has missing dependencies: 'applyFilters', 'fetchOrders', 'orderStatusFilter', 'searchTerm', 'sortOrdersByStatus', and 'transactionStatusFilter'. Either include them or remove the dependency array. You can also replace multiple useState variables with useReducer if 'setOrders' needs the current value of 'orderStatusFilter'  react-hooks/exhaustive-deps
  Line 282:6:  React Hook useEffect has a missing dependency: 'applyFilters'. Either include it or remove the dependency array                                                                                                                                                                                                                                           react-hooks/exhaustive-deps

src/pages/admin/Transactions.js
  Line 32:3:  'Warning' is defined but never used                                                                                    no-unused-vars
  Line 34:3:  'AttachMoney' is defined but never used                                                                                no-unused-vars
  Line 62:6:  React Hook useEffect has a missing dependency: 'filterTransactions'. Either include it or remove the dependency array  react-hooks/exhaustive-deps

src/services/api.js
  Line 4:7:  'getApiUrl' is assigned a value but never used  no-unused-vars

webpack compiled with 1 warning
