
> backend@1.0.0 dev
> nodemon server.js

[33m[nodemon] 3.1.10[39m
[33m[nodemon] to restart at any time, enter `rs`[39m
[33m[nodemon] watching path(s): *.*[39m
[33m[nodemon] watching extensions: js,mjs,cjs,json[39m
[32m[nodemon] starting `node server.js`[39m
[dotenv@17.2.3] injecting env (0) from .env.local -- tip: ⚙️  specify custom .env file path with { path: '/custom/path/.env' }
[dotenv@17.2.3] injecting env (0) from .env -- tip: 📡 add observability to secrets: https://dotenvx.com/ops
📡 Starting server on 127.0.0.1:5001...
🔧 Environment: NODE_ENV=undefined, isProduction=false
❌ Server error: Error: listen EPERM: operation not permitted 127.0.0.1:5001
    at Server.setupListenHandle [as _listen2] (node:net:1918:21)
    at listenInCluster (node:net:1997:12)
    at node:net:2206:7
    at process.processTicksAndRejections (node:internal/process/task_queues:90:21) {
  code: 'EPERM',
  errno: -1,
  syscall: 'listen',
  address: '127.0.0.1',
  port: 5001
}
[32m[nodemon] clean exit - waiting npm errornpm ernpm error code EPERM
npm error syscall kill
npm error path /Users/maria/dial-a-drink/backend
npm error errnpm error Error: kill EPERM
npm error     at ChildProcess.kill (node:internal/child_process:511:26)
npm error     at process.handleSignal (/Users/maria/.nvm/versions/node/v22.20.0/lib/node_modules/npm/node_modules/@npmcli/run-script/lib/signal-manager.js:14:10)
npm error     at process.emit (node:events:519:28) {
npm error   errno: -1,
npm error   code: 'EPERM',
npm error   syscall: 'kill',
npm error   cmd: 'sh',
npm error   args: [ '-c', 'nodemon server.js' ],
npm error   stdout: null,
npm error   stderr: null,
npm error   event: 'dev',
npm error   script: 'nodemon server.js',
npm error   pkgid: 'backend@1.0.0',
npm error   path: '/Users/maria/dial-a-drink/backend'
npm error }
npm error
npm error The operation was rejected by your operating system.
npm error It is likely you do not have the permissions to access this file as the current user
npm error
npm error If you believe this might be a permissions issue, please double-check the
npm error permissions of the file and its containing directories, or try running
npm error the command again as root/Administrator.
npm ernpm error Log files were not written due to an error writing to the directory: /Users/maria/.npm/_logs
npm error You can rerun the command with `--loglevel=verbose` to see the logs in your terminal
s in your terminal
l
