
> frontend@0.1.0 start
> PORT=3000 react-scripts start

Something is already running on port 3000.

> frontend@0.1.0 start
> PORT=3000 react-scripts start

(node:10174) [DEP_WEBPACK_DEV_SERVER_ON_AFTER_SETUP_MIDDLEWARE] DeprecationWarning: 'onAfterSetupMiddleware' option is deprecated. Please use the 'setupMiddlewares' option.
(Use `node --trace-deprecation ...` to show where the warning was created)
(node:10174) [DEP_WEBPACK_DEV_SERVER_ON_BEFORE_SETUP_MIDDLEWARE] DeprecationWarning: 'onBeforeSetupMiddleware' option is deprecated. Please use the 'setupMiddlewares' option.
Starting the development server...

Compiled with warnings.

[eslint] 
src/components/EditDrinkDialog.js
  Line 27:12:  'ImageIcon' is defined but never used  no-unused-vars

src/contexts/AdminContext.js
  Line 17:10:  'socket' is assigned a value but never used  no-unused-vars

src/pages/CustomerLogin.js
  Line 82:6:  React Hook React.useEffect has a missing dependency: 'checkingPassword'. Either include it or remove the dependency array  react-hooks/exhaustive-deps

src/pages/Menu.js
  Line 10:3:  'Chip' is defined but never used                                                                                 no-unused-vars
  Line 50:6:  React Hook useEffect has a missing dependency: 'filterDrinks'. Either include it or remove the dependency array  react-hooks/exhaustive-deps

src/pages/admin/Inventory.js
  Line 16:3:   'IconButton' is defined but never used                                                                           no-unused-vars
  Line 17:3:   'Tooltip' is defined but never used                                                                              no-unused-vars
  Line 25:3:   'Divider' is defined but never used                                                                              no-unused-vars
  Line 33:3:   'Visibility' is defined but never used                                                                           no-unused-vars
  Line 34:3:   'VisibilityOff' is defined but never used                                                                        no-unused-vars
  Line 92:6:   React Hook useEffect has a missing dependency: 'filterDrinks'. Either include it or remove the dependency array  react-hooks/exhaustive-deps
  Line 213:9:  'getAvailabilityColor' is assigned a value but never used                                                        no-unused-vars
  Line 217:9:  'getAvailabilityIcon' is assigned a value but never used                                                         no-unused-vars

Search for the keywords to learn more about each warning.
To ignore, add // eslint-disable-next-line to the line before.

WARNING in [eslint] 
src/components/EditDrinkDialog.js
  Line 27:12:  'ImageIcon' is defined but never used  no-unused-vars

src/contexts/AdminContext.js
  Line 17:10:  'socket' is assigned a value but never used  no-unused-vars

src/pages/CustomerLogin.js
  Line 82:6:  React Hook React.useEffect has a missing dependency: 'checkingPassword'. Either include it or remove the dependency array  react-hooks/exhaustive-deps

src/pages/Menu.js
  Line 10:3:  'Chip' is defined but never used                                                                                 no-unused-vars
  Line 50:6:  React Hook useEffect has a missing dependency: 'filterDrinks'. Either include it or remove the dependency array  react-hooks/exhaustive-deps

src/pages/admin/Inventory.js
  Line 16:3:   'IconButton' is defined but never used                                                                           no-unused-vars
  Line 17:3:   'Tooltip' is defined but never used                                                                              no-unused-vars
  Line 25:3:   'Divider' is defined but never used                                                                              no-unused-vars
  Line 33:3:   'Visibility' is defined but never used                                                                           no-unused-vars
  Line 34:3:   'VisibilityOff' is defined but never used                                                                        no-unused-vars
  Line 92:6:   React Hook useEffect has a missing dependency: 'filterDrinks'. Either include it or remove the dependency array  react-hooks/exhaustive-deps
  Line 213:9:  'getAvailabilityColor' is assigned a value but never used                                                        no-unused-vars
  Line 217:9:  'getAvailabilityIcon' is assigned a value but never used                                                         no-unused-vars

webpack compiled with 1 warning
Compiling...
Compiled with warnings.

[eslint] 
src/components/EditDrinkDialog.js
  Line 27:12:  'ImageIcon' is defined but never used  no-unused-vars

src/contexts/AdminContext.js
  Line 17:10:  'socket' is assigned a value but never used  no-unused-vars

src/pages/CustomerLogin.js
  Line 82:6:  React Hook React.useEffect has a missing dependency: 'checkingPassword'. Either include it or remove the dependency array  react-hooks/exhaustive-deps

src/pages/Menu.js
  Line 10:3:  'Chip' is defined but never used                                                                                 no-unused-vars
  Line 50:6:  React Hook useEffect has a missing dependency: 'filterDrinks'. Either include it or remove the dependency array  react-hooks/exhaustive-deps

src/pages/MyOrders.js
  Line 20:3:  'Pagination' is defined but never used  no-unused-vars

src/pages/admin/Inventory.js
  Line 16:3:   'IconButton' is defined but never used                                                                           no-unused-vars
  Line 17:3:   'Tooltip' is defined but never used                                                                              no-unused-vars
  Line 25:3:   'Divider' is defined but never used                                                                              no-unused-vars
  Line 33:3:   'Visibility' is defined but never used                                                                           no-unused-vars
  Line 34:3:   'VisibilityOff' is defined but never used                                                                        no-unused-vars
  Line 92:6:   React Hook useEffect has a missing dependency: 'filterDrinks'. Either include it or remove the dependency array  react-hooks/exhaustive-deps
  Line 213:9:  'getAvailabilityColor' is assigned a value but never used                                                        no-unused-vars
  Line 217:9:  'getAvailabilityIcon' is assigned a value but never used                                                         no-unused-vars

Search for the keywords to learn more about each warning.
To ignore, add // eslint-disable-next-line to the line before.

WARNING in [eslint] 
src/components/EditDrinkDialog.js
  Line 27:12:  'ImageIcon' is defined but never used  no-unused-vars

src/contexts/AdminContext.js
  Line 17:10:  'socket' is assigned a value but never used  no-unused-vars

src/pages/CustomerLogin.js
  Line 82:6:  React Hook React.useEffect has a missing dependency: 'checkingPassword'. Either include it or remove the dependency array  react-hooks/exhaustive-deps

src/pages/Menu.js
  Line 10:3:  'Chip' is defined but never used                                                                                 no-unused-vars
  Line 50:6:  React Hook useEffect has a missing dependency: 'filterDrinks'. Either include it or remove the dependency array  react-hooks/exhaustive-deps

src/pages/MyOrders.js
  Line 20:3:  'Pagination' is defined but never used  no-unused-vars

src/pages/admin/Inventory.js
  Line 16:3:   'IconButton' is defined but never used                                                                           no-unused-vars
  Line 17:3:   'Tooltip' is defined but never used                                                                              no-unused-vars
  Line 25:3:   'Divider' is defined but never used                                                                              no-unused-vars
  Line 33:3:   'Visibility' is defined but never used                                                                           no-unused-vars
  Line 34:3:   'VisibilityOff' is defined but never used                                                                        no-unused-vars
  Line 92:6:   React Hook useEffect has a missing dependency: 'filterDrinks'. Either include it or remove the dependency array  react-hooks/exhaustive-deps
  Line 213:9:  'getAvailabilityColor' is assigned a value but never used                                                        no-unused-vars
  Line 217:9:  'getAvailabilityIcon' is assigned a value but never used                                                         no-unused-vars

webpack compiled with 1 warning
Compiling...
Compiled with warnings.

[eslint] 
src/components/EditDrinkDialog.js
  Line 27:12:  'ImageIcon' is defined but never used  no-unused-vars

src/contexts/AdminContext.js
  Line 17:10:  'socket' is assigned a value but never used  no-unused-vars

src/pages/CustomerLogin.js
  Line 82:6:  React Hook React.useEffect has a missing dependency: 'checkingPassword'. Either include it or remove the dependency array  react-hooks/exhaustive-deps

src/pages/Menu.js
  Line 10:3:  'Chip' is defined but never used                                                                                 no-unused-vars
  Line 50:6:  React Hook useEffect has a missing dependency: 'filterDrinks'. Either include it or remove the dependency array  react-hooks/exhaustive-deps

src/pages/MyOrders.js
  Line 20:3:   'Pagination' is defined but never used            no-unused-vars
  Line 50:10:  'page' is assigned a value but never used         no-unused-vars
  Line 50:16:  'setPage' is assigned a value but never used      no-unused-vars
  Line 51:9:   'rowsPerPage' is assigned a value but never used  no-unused-vars

src/pages/admin/Inventory.js
  Line 16:3:   'IconButton' is defined but never used                                                                           no-unused-vars
  Line 17:3:   'Tooltip' is defined but never used                                                                              no-unused-vars
  Line 25:3:   'Divider' is defined but never used                                                                              no-unused-vars
  Line 33:3:   'Visibility' is defined but never used                                                                           no-unused-vars
  Line 34:3:   'VisibilityOff' is defined but never used                                                                        no-unused-vars
  Line 92:6:   React Hook useEffect has a missing dependency: 'filterDrinks'. Either include it or remove the dependency array  react-hooks/exhaustive-deps
  Line 213:9:  'getAvailabilityColor' is assigned a value but never used                                                        no-unused-vars
  Line 217:9:  'getAvailabilityIcon' is assigned a value but never used                                                         no-unused-vars

Search for the keywords to learn more about each warning.
To ignore, add // eslint-disable-next-line to the line before.

WARNING in [eslint] 
src/components/EditDrinkDialog.js
  Line 27:12:  'ImageIcon' is defined but never used  no-unused-vars

src/contexts/AdminContext.js
  Line 17:10:  'socket' is assigned a value but never used  no-unused-vars

src/pages/CustomerLogin.js
  Line 82:6:  React Hook React.useEffect has a missing dependency: 'checkingPassword'. Either include it or remove the dependency array  react-hooks/exhaustive-deps

src/pages/Menu.js
  Line 10:3:  'Chip' is defined but never used                                                                                 no-unused-vars
  Line 50:6:  React Hook useEffect has a missing dependency: 'filterDrinks'. Either include it or remove the dependency array  react-hooks/exhaustive-deps

src/pages/MyOrders.js
  Line 20:3:   'Pagination' is defined but never used            no-unused-vars
  Line 50:10:  'page' is assigned a value but never used         no-unused-vars
  Line 50:16:  'setPage' is assigned a value but never used      no-unused-vars
  Line 51:9:   'rowsPerPage' is assigned a value but never used  no-unused-vars

src/pages/admin/Inventory.js
  Line 16:3:   'IconButton' is defined but never used                                                                           no-unused-vars
  Line 17:3:   'Tooltip' is defined but never used                                                                              no-unused-vars
  Line 25:3:   'Divider' is defined but never used                                                                              no-unused-vars
  Line 33:3:   'Visibility' is defined but never used                                                                           no-unused-vars
  Line 34:3:   'VisibilityOff' is defined but never used                                                                        no-unused-vars
  Line 92:6:   React Hook useEffect has a missing dependency: 'filterDrinks'. Either include it or remove the dependency array  react-hooks/exhaustive-deps
  Line 213:9:  'getAvailabilityColor' is assigned a value but never used                                                        no-unused-vars
  Line 217:9:  'getAvailabilityIcon' is assigned a value but never used                                                         no-unused-vars

webpack compiled with 1 warning
Compiling...
Compiled with warnings.

[eslint] 
src/components/EditDrinkDialog.js
  Line 27:12:  'ImageIcon' is defined but never used  no-unused-vars

src/contexts/AdminContext.js
  Line 17:10:  'socket' is assigned a value but never used  no-unused-vars

src/pages/CustomerLogin.js
  Line 82:6:  React Hook React.useEffect has a missing dependency: 'checkingPassword'. Either include it or remove the dependency array  react-hooks/exhaustive-deps

src/pages/Menu.js
  Line 10:3:  'Chip' is defined but never used                                                                                 no-unused-vars
  Line 50:6:  React Hook useEffect has a missing dependency: 'filterDrinks'. Either include it or remove the dependency array  react-hooks/exhaustive-deps

src/pages/MyOrders.js
  Line 20:3:   'Pagination' is defined but never used            no-unused-vars
  Line 50:10:  'page' is assigned a value but never used         no-unused-vars
  Line 51:9:   'rowsPerPage' is assigned a value but never used  no-unused-vars

src/pages/admin/Inventory.js
  Line 16:3:   'IconButton' is defined but never used                                                                           no-unused-vars
  Line 17:3:   'Tooltip' is defined but never used                                                                              no-unused-vars
  Line 25:3:   'Divider' is defined but never used                                                                              no-unused-vars
  Line 33:3:   'Visibility' is defined but never used                                                                           no-unused-vars
  Line 34:3:   'VisibilityOff' is defined but never used                                                                        no-unused-vars
  Line 92:6:   React Hook useEffect has a missing dependency: 'filterDrinks'. Either include it or remove the dependency array  react-hooks/exhaustive-deps
  Line 213:9:  'getAvailabilityColor' is assigned a value but never used                                                        no-unused-vars
  Line 217:9:  'getAvailabilityIcon' is assigned a value but never used                                                         no-unused-vars

Search for the keywords to learn more about each warning.
To ignore, add // eslint-disable-next-line to the line before.

WARNING in [eslint] 
src/components/EditDrinkDialog.js
  Line 27:12:  'ImageIcon' is defined but never used  no-unused-vars

src/contexts/AdminContext.js
  Line 17:10:  'socket' is assigned a value but never used  no-unused-vars

src/pages/CustomerLogin.js
  Line 82:6:  React Hook React.useEffect has a missing dependency: 'checkingPassword'. Either include it or remove the dependency array  react-hooks/exhaustive-deps

src/pages/Menu.js
  Line 10:3:  'Chip' is defined but never used                                                                                 no-unused-vars
  Line 50:6:  React Hook useEffect has a missing dependency: 'filterDrinks'. Either include it or remove the dependency array  react-hooks/exhaustive-deps

src/pages/MyOrders.js
  Line 20:3:   'Pagination' is defined but never used            no-unused-vars
  Line 50:10:  'page' is assigned a value but never used         no-unused-vars
  Line 51:9:   'rowsPerPage' is assigned a value but never used  no-unused-vars

src/pages/admin/Inventory.js
  Line 16:3:   'IconButton' is defined but never used                                                                           no-unused-vars
  Line 17:3:   'Tooltip' is defined but never used                                                                              no-unused-vars
  Line 25:3:   'Divider' is defined but never used                                                                              no-unused-vars
  Line 33:3:   'Visibility' is defined but never used                                                                           no-unused-vars
  Line 34:3:   'VisibilityOff' is defined but never used                                                                        no-unused-vars
  Line 92:6:   React Hook useEffect has a missing dependency: 'filterDrinks'. Either include it or remove the dependency array  react-hooks/exhaustive-deps
  Line 213:9:  'getAvailabilityColor' is assigned a value but never used                                                        no-unused-vars
  Line 217:9:  'getAvailabilityIcon' is assigned a value but never used                                                         no-unused-vars

webpack compiled with 1 warning
Compiling...
Compiled with warnings.

[eslint] 
src/components/EditDrinkDialog.js
  Line 27:12:  'ImageIcon' is defined but never used  no-unused-vars

src/contexts/AdminContext.js
  Line 17:10:  'socket' is assigned a value but never used  no-unused-vars

src/pages/CustomerLogin.js
  Line 82:6:  React Hook React.useEffect has a missing dependency: 'checkingPassword'. Either include it or remove the dependency array  react-hooks/exhaustive-deps

src/pages/Menu.js
  Line 10:3:  'Chip' is defined but never used                                                                                 no-unused-vars
  Line 50:6:  React Hook useEffect has a missing dependency: 'filterDrinks'. Either include it or remove the dependency array  react-hooks/exhaustive-deps

src/pages/MyOrders.js
  Line 20:3:   'Pagination' is defined but never used            no-unused-vars
  Line 50:10:  'page' is assigned a value but never used         no-unused-vars
  Line 51:9:   'rowsPerPage' is assigned a value but never used  no-unused-vars

src/pages/admin/Inventory.js
  Line 16:3:   'IconButton' is defined but never used                                                                           no-unused-vars
  Line 17:3:   'Tooltip' is defined but never used                                                                              no-unused-vars
  Line 25:3:   'Divider' is defined but never used                                                                              no-unused-vars
  Line 33:3:   'Visibility' is defined but never used                                                                           no-unused-vars
  Line 34:3:   'VisibilityOff' is defined but never used                                                                        no-unused-vars
  Line 92:6:   React Hook useEffect has a missing dependency: 'filterDrinks'. Either include it or remove the dependency array  react-hooks/exhaustive-deps
  Line 213:9:  'getAvailabilityColor' is assigned a value but never used                                                        no-unused-vars
  Line 217:9:  'getAvailabilityIcon' is assigned a value but never used                                                         no-unused-vars

Search for the keywords to learn more about each warning.
To ignore, add // eslint-disable-next-line to the line before.

WARNING in [eslint] 
src/components/EditDrinkDialog.js
  Line 27:12:  'ImageIcon' is defined but never used  no-unused-vars

src/contexts/AdminContext.js
  Line 17:10:  'socket' is assigned a value but never used  no-unused-vars

src/pages/CustomerLogin.js
  Line 82:6:  React Hook React.useEffect has a missing dependency: 'checkingPassword'. Either include it or remove the dependency array  react-hooks/exhaustive-deps

src/pages/Menu.js
  Line 10:3:  'Chip' is defined but never used                                                                                 no-unused-vars
  Line 50:6:  React Hook useEffect has a missing dependency: 'filterDrinks'. Either include it or remove the dependency array  react-hooks/exhaustive-deps

src/pages/MyOrders.js
  Line 20:3:   'Pagination' is defined but never used            no-unused-vars
  Line 50:10:  'page' is assigned a value but never used         no-unused-vars
  Line 51:9:   'rowsPerPage' is assigned a value but never used  no-unused-vars

src/pages/admin/Inventory.js
  Line 16:3:   'IconButton' is defined but never used                                                                           no-unused-vars
  Line 17:3:   'Tooltip' is defined but never used                                                                              no-unused-vars
  Line 25:3:   'Divider' is defined but never used                                                                              no-unused-vars
  Line 33:3:   'Visibility' is defined but never used                                                                           no-unused-vars
  Line 34:3:   'VisibilityOff' is defined but never used                                                                        no-unused-vars
  Line 92:6:   React Hook useEffect has a missing dependency: 'filterDrinks'. Either include it or remove the dependency array  react-hooks/exhaustive-deps
  Line 213:9:  'getAvailabilityColor' is assigned a value but never used                                                        no-unused-vars
  Line 217:9:  'getAvailabilityIcon' is assigned a value but never used                                                         no-unused-vars

webpack compiled with 1 warning
Compiling...
Compiled with warnings.

[eslint] 
src/components/EditDrinkDialog.js
  Line 27:12:  'ImageIcon' is defined but never used  no-unused-vars

src/contexts/AdminContext.js
  Line 17:10:  'socket' is assigned a value but never used  no-unused-vars

src/pages/CustomerLogin.js
  Line 82:6:  React Hook React.useEffect has a missing dependency: 'checkingPassword'. Either include it or remove the dependency array  react-hooks/exhaustive-deps

src/pages/Menu.js
  Line 10:3:  'Chip' is defined but never used                                                                                 no-unused-vars
  Line 50:6:  React Hook useEffect has a missing dependency: 'filterDrinks'. Either include it or remove the dependency array  react-hooks/exhaustive-deps

src/pages/MyOrders.js
  Line 20:3:   'Pagination' is defined but never used            no-unused-vars
  Line 39:21:  'isLoggedIn' is assigned a value but never used   no-unused-vars
  Line 156:9:  'fetchOrders' is assigned a value but never used  no-unused-vars

src/pages/admin/Inventory.js
  Line 16:3:   'IconButton' is defined but never used                                                                           no-unused-vars
  Line 17:3:   'Tooltip' is defined but never used                                                                              no-unused-vars
  Line 25:3:   'Divider' is defined but never used                                                                              no-unused-vars
  Line 33:3:   'Visibility' is defined but never used                                                                           no-unused-vars
  Line 34:3:   'VisibilityOff' is defined but never used                                                                        no-unused-vars
  Line 92:6:   React Hook useEffect has a missing dependency: 'filterDrinks'. Either include it or remove the dependency array  react-hooks/exhaustive-deps
  Line 213:9:  'getAvailabilityColor' is assigned a value but never used                                                        no-unused-vars
  Line 217:9:  'getAvailabilityIcon' is assigned a value but never used                                                         no-unused-vars

Search for the keywords to learn more about each warning.
To ignore, add // eslint-disable-next-line to the line before.

WARNING in [eslint] 
src/components/EditDrinkDialog.js
  Line 27:12:  'ImageIcon' is defined but never used  no-unused-vars

src/contexts/AdminContext.js
  Line 17:10:  'socket' is assigned a value but never used  no-unused-vars

src/pages/CustomerLogin.js
  Line 82:6:  React Hook React.useEffect has a missing dependency: 'checkingPassword'. Either include it or remove the dependency array  react-hooks/exhaustive-deps

src/pages/Menu.js
  Line 10:3:  'Chip' is defined but never used                                                                                 no-unused-vars
  Line 50:6:  React Hook useEffect has a missing dependency: 'filterDrinks'. Either include it or remove the dependency array  react-hooks/exhaustive-deps

src/pages/MyOrders.js
  Line 20:3:   'Pagination' is defined but never used            no-unused-vars
  Line 39:21:  'isLoggedIn' is assigned a value but never used   no-unused-vars
  Line 156:9:  'fetchOrders' is assigned a value but never used  no-unused-vars

src/pages/admin/Inventory.js
  Line 16:3:   'IconButton' is defined but never used                                                                           no-unused-vars
  Line 17:3:   'Tooltip' is defined but never used                                                                              no-unused-vars
  Line 25:3:   'Divider' is defined but never used                                                                              no-unused-vars
  Line 33:3:   'Visibility' is defined but never used                                                                           no-unused-vars
  Line 34:3:   'VisibilityOff' is defined but never used                                                                        no-unused-vars
  Line 92:6:   React Hook useEffect has a missing dependency: 'filterDrinks'. Either include it or remove the dependency array  react-hooks/exhaustive-deps
  Line 213:9:  'getAvailabilityColor' is assigned a value but never used                                                        no-unused-vars
  Line 217:9:  'getAvailabilityIcon' is assigned a value but never used                                                         no-unused-vars

webpack compiled with 1 warning
Compiling...
Compiled with warnings.

[eslint] 
src/components/EditDrinkDialog.js
  Line 27:12:  'ImageIcon' is defined but never used  no-unused-vars

src/contexts/AdminContext.js
  Line 17:10:  'socket' is assigned a value but never used  no-unused-vars

src/pages/CustomerLogin.js
  Line 82:6:  React Hook React.useEffect has a missing dependency: 'checkingPassword'. Either include it or remove the dependency array  react-hooks/exhaustive-deps

src/pages/Menu.js
  Line 10:3:  'Chip' is defined but never used                                                                                 no-unused-vars
  Line 50:6:  React Hook useEffect has a missing dependency: 'filterDrinks'. Either include it or remove the dependency array  react-hooks/exhaustive-deps

src/pages/MyOrders.js
  Line 39:21:  'isLoggedIn' is assigned a value but never used   no-unused-vars
  Line 156:9:  'fetchOrders' is assigned a value but never used  no-unused-vars

src/pages/admin/Inventory.js
  Line 16:3:   'IconButton' is defined but never used                                                                           no-unused-vars
  Line 17:3:   'Tooltip' is defined but never used                                                                              no-unused-vars
  Line 25:3:   'Divider' is defined but never used                                                                              no-unused-vars
  Line 33:3:   'Visibility' is defined but never used                                                                           no-unused-vars
  Line 34:3:   'VisibilityOff' is defined but never used                                                                        no-unused-vars
  Line 92:6:   React Hook useEffect has a missing dependency: 'filterDrinks'. Either include it or remove the dependency array  react-hooks/exhaustive-deps
  Line 213:9:  'getAvailabilityColor' is assigned a value but never used                                                        no-unused-vars
  Line 217:9:  'getAvailabilityIcon' is assigned a value but never used                                                         no-unused-vars

Search for the keywords to learn more about each warning.
To ignore, add // eslint-disable-next-line to the line before.

WARNING in [eslint] 
src/components/EditDrinkDialog.js
  Line 27:12:  'ImageIcon' is defined but never used  no-unused-vars

src/contexts/AdminContext.js
  Line 17:10:  'socket' is assigned a value but never used  no-unused-vars

src/pages/CustomerLogin.js
  Line 82:6:  React Hook React.useEffect has a missing dependency: 'checkingPassword'. Either include it or remove the dependency array  react-hooks/exhaustive-deps

src/pages/Menu.js
  Line 10:3:  'Chip' is defined but never used                                                                                 no-unused-vars
  Line 50:6:  React Hook useEffect has a missing dependency: 'filterDrinks'. Either include it or remove the dependency array  react-hooks/exhaustive-deps

src/pages/MyOrders.js
  Line 39:21:  'isLoggedIn' is assigned a value but never used   no-unused-vars
  Line 156:9:  'fetchOrders' is assigned a value but never used  no-unused-vars

src/pages/admin/Inventory.js
  Line 16:3:   'IconButton' is defined but never used                                                                           no-unused-vars
  Line 17:3:   'Tooltip' is defined but never used                                                                              no-unused-vars
  Line 25:3:   'Divider' is defined but never used                                                                              no-unused-vars
  Line 33:3:   'Visibility' is defined but never used                                                                           no-unused-vars
  Line 34:3:   'VisibilityOff' is defined but never used                                                                        no-unused-vars
  Line 92:6:   React Hook useEffect has a missing dependency: 'filterDrinks'. Either include it or remove the dependency array  react-hooks/exhaustive-deps
  Line 213:9:  'getAvailabilityColor' is assigned a value but never used                                                        no-unused-vars
  Line 217:9:  'getAvailabilityIcon' is assigned a value but never used                                                         no-unused-vars

webpack compiled with 1 warning
Compiling...
Compiled with warnings.

[eslint] 
src/components/EditDrinkDialog.js
  Line 27:12:  'ImageIcon' is defined but never used  no-unused-vars

src/contexts/AdminContext.js
  Line 17:10:  'socket' is assigned a value but never used  no-unused-vars

src/pages/CustomerLogin.js
  Line 82:6:  React Hook React.useEffect has a missing dependency: 'checkingPassword'. Either include it or remove the dependency array  react-hooks/exhaustive-deps

src/pages/Menu.js
  Line 10:3:  'Chip' is defined but never used                                                                                 no-unused-vars
  Line 50:6:  React Hook useEffect has a missing dependency: 'filterDrinks'. Either include it or remove the dependency array  react-hooks/exhaustive-deps

src/pages/MyOrders.js
  Line 39:21:  'isLoggedIn' is assigned a value but never used   no-unused-vars
  Line 156:9:  'fetchOrders' is assigned a value but never used  no-unused-vars

src/pages/admin/Inventory.js
  Line 16:3:   'IconButton' is defined but never used                                                                           no-unused-vars
  Line 17:3:   'Tooltip' is defined but never used                                                                              no-unused-vars
  Line 25:3:   'Divider' is defined but never used                                                                              no-unused-vars
  Line 33:3:   'Visibility' is defined but never used                                                                           no-unused-vars
  Line 34:3:   'VisibilityOff' is defined but never used                                                                        no-unused-vars
  Line 92:6:   React Hook useEffect has a missing dependency: 'filterDrinks'. Either include it or remove the dependency array  react-hooks/exhaustive-deps
  Line 213:9:  'getAvailabilityColor' is assigned a value but never used                                                        no-unused-vars
  Line 217:9:  'getAvailabilityIcon' is assigned a value but never used                                                         no-unused-vars

Search for the keywords to learn more about each warning.
To ignore, add // eslint-disable-next-line to the line before.

WARNING in [eslint] 
src/components/EditDrinkDialog.js
  Line 27:12:  'ImageIcon' is defined but never used  no-unused-vars

src/contexts/AdminContext.js
  Line 17:10:  'socket' is assigned a value but never used  no-unused-vars

src/pages/CustomerLogin.js
  Line 82:6:  React Hook React.useEffect has a missing dependency: 'checkingPassword'. Either include it or remove the dependency array  react-hooks/exhaustive-deps

src/pages/Menu.js
  Line 10:3:  'Chip' is defined but never used                                                                                 no-unused-vars
  Line 50:6:  React Hook useEffect has a missing dependency: 'filterDrinks'. Either include it or remove the dependency array  react-hooks/exhaustive-deps

src/pages/MyOrders.js
  Line 39:21:  'isLoggedIn' is assigned a value but never used   no-unused-vars
  Line 156:9:  'fetchOrders' is assigned a value but never used  no-unused-vars

src/pages/admin/Inventory.js
  Line 16:3:   'IconButton' is defined but never used                                                                           no-unused-vars
  Line 17:3:   'Tooltip' is defined but never used                                                                              no-unused-vars
  Line 25:3:   'Divider' is defined but never used                                                                              no-unused-vars
  Line 33:3:   'Visibility' is defined but never used                                                                           no-unused-vars
  Line 34:3:   'VisibilityOff' is defined but never used                                                                        no-unused-vars
  Line 92:6:   React Hook useEffect has a missing dependency: 'filterDrinks'. Either include it or remove the dependency array  react-hooks/exhaustive-deps
  Line 213:9:  'getAvailabilityColor' is assigned a value but never used                                                        no-unused-vars
  Line 217:9:  'getAvailabilityIcon' is assigned a value but never used                                                         no-unused-vars

webpack compiled with 1 warning
Compiling...
Compiled with warnings.

[eslint] 
src/components/EditDrinkDialog.js
  Line 27:12:  'ImageIcon' is defined but never used  no-unused-vars

src/contexts/AdminContext.js
  Line 17:10:  'socket' is assigned a value but never used  no-unused-vars

src/pages/CustomerLogin.js
  Line 82:6:  React Hook React.useEffect has a missing dependency: 'checkingPassword'. Either include it or remove the dependency array  react-hooks/exhaustive-deps

src/pages/Menu.js
  Line 10:3:  'Chip' is defined but never used                                                                                 no-unused-vars
  Line 50:6:  React Hook useEffect has a missing dependency: 'filterDrinks'. Either include it or remove the dependency array  react-hooks/exhaustive-deps

src/pages/MyOrders.js
  Line 39:21:  'isLoggedIn' is assigned a value but never used   no-unused-vars
  Line 156:9:  'fetchOrders' is assigned a value but never used  no-unused-vars

src/pages/admin/Inventory.js
  Line 16:3:   'IconButton' is defined but never used                                                                           no-unused-vars
  Line 17:3:   'Tooltip' is defined but never used                                                                              no-unused-vars
  Line 25:3:   'Divider' is defined but never used                                                                              no-unused-vars
  Line 33:3:   'Visibility' is defined but never used                                                                           no-unused-vars
  Line 34:3:   'VisibilityOff' is defined but never used                                                                        no-unused-vars
  Line 92:6:   React Hook useEffect has a missing dependency: 'filterDrinks'. Either include it or remove the dependency array  react-hooks/exhaustive-deps
  Line 213:9:  'getAvailabilityColor' is assigned a value but never used                                                        no-unused-vars
  Line 217:9:  'getAvailabilityIcon' is assigned a value but never used                                                         no-unused-vars

Search for the keywords to learn more about each warning.
To ignore, add // eslint-disable-next-line to the line before.

WARNING in [eslint] 
src/components/EditDrinkDialog.js
  Line 27:12:  'ImageIcon' is defined but never used  no-unused-vars

src/contexts/AdminContext.js
  Line 17:10:  'socket' is assigned a value but never used  no-unused-vars

src/pages/CustomerLogin.js
  Line 82:6:  React Hook React.useEffect has a missing dependency: 'checkingPassword'. Either include it or remove the dependency array  react-hooks/exhaustive-deps

src/pages/Menu.js
  Line 10:3:  'Chip' is defined but never used                                                                                 no-unused-vars
  Line 50:6:  React Hook useEffect has a missing dependency: 'filterDrinks'. Either include it or remove the dependency array  react-hooks/exhaustive-deps

src/pages/MyOrders.js
  Line 39:21:  'isLoggedIn' is assigned a value but never used   no-unused-vars
  Line 156:9:  'fetchOrders' is assigned a value but never used  no-unused-vars

src/pages/admin/Inventory.js
  Line 16:3:   'IconButton' is defined but never used                                                                           no-unused-vars
  Line 17:3:   'Tooltip' is defined but never used                                                                              no-unused-vars
  Line 25:3:   'Divider' is defined but never used                                                                              no-unused-vars
  Line 33:3:   'Visibility' is defined but never used                                                                           no-unused-vars
  Line 34:3:   'VisibilityOff' is defined but never used                                                                        no-unused-vars
  Line 92:6:   React Hook useEffect has a missing dependency: 'filterDrinks'. Either include it or remove the dependency array  react-hooks/exhaustive-deps
  Line 213:9:  'getAvailabilityColor' is assigned a value but never used                                                        no-unused-vars
  Line 217:9:  'getAvailabilityIcon' is assigned a value but never used                                                         no-unused-vars

webpack compiled with 1 warning
Compiling...
Compiled with warnings.

[eslint] 
src/components/EditDrinkDialog.js
  Line 27:12:  'ImageIcon' is defined but never used  no-unused-vars

src/contexts/AdminContext.js
  Line 17:10:  'socket' is assigned a value but never used  no-unused-vars

src/pages/CustomerLogin.js
  Line 82:6:  React Hook React.useEffect has a missing dependency: 'checkingPassword'. Either include it or remove the dependency array  react-hooks/exhaustive-deps

src/pages/Menu.js
  Line 10:3:  'Chip' is defined but never used                                                                                 no-unused-vars
  Line 50:6:  React Hook useEffect has a missing dependency: 'filterDrinks'. Either include it or remove the dependency array  react-hooks/exhaustive-deps

src/pages/MyOrders.js
  Line 39:21:  'isLoggedIn' is assigned a value but never used   no-unused-vars
  Line 156:9:  'fetchOrders' is assigned a value but never used  no-unused-vars

src/pages/admin/Inventory.js
  Line 16:3:   'IconButton' is defined but never used                                                                           no-unused-vars
  Line 17:3:   'Tooltip' is defined but never used                                                                              no-unused-vars
  Line 25:3:   'Divider' is defined but never used                                                                              no-unused-vars
  Line 33:3:   'Visibility' is defined but never used                                                                           no-unused-vars
  Line 34:3:   'VisibilityOff' is defined but never used                                                                        no-unused-vars
  Line 92:6:   React Hook useEffect has a missing dependency: 'filterDrinks'. Either include it or remove the dependency array  react-hooks/exhaustive-deps
  Line 213:9:  'getAvailabilityColor' is assigned a value but never used                                                        no-unused-vars
  Line 217:9:  'getAvailabilityIcon' is assigned a value but never used                                                         no-unused-vars

Search for the keywords to learn more about each warning.
To ignore, add // eslint-disable-next-line to the line before.

WARNING in [eslint] 
src/components/EditDrinkDialog.js
  Line 27:12:  'ImageIcon' is defined but never used  no-unused-vars

src/contexts/AdminContext.js
  Line 17:10:  'socket' is assigned a value but never used  no-unused-vars

src/pages/CustomerLogin.js
  Line 82:6:  React Hook React.useEffect has a missing dependency: 'checkingPassword'. Either include it or remove the dependency array  react-hooks/exhaustive-deps

src/pages/Menu.js
  Line 10:3:  'Chip' is defined but never used                                                                                 no-unused-vars
  Line 50:6:  React Hook useEffect has a missing dependency: 'filterDrinks'. Either include it or remove the dependency array  react-hooks/exhaustive-deps

src/pages/MyOrders.js
  Line 39:21:  'isLoggedIn' is assigned a value but never used   no-unused-vars
  Line 156:9:  'fetchOrders' is assigned a value but never used  no-unused-vars

src/pages/admin/Inventory.js
  Line 16:3:   'IconButton' is defined but never used                                                                           no-unused-vars
  Line 17:3:   'Tooltip' is defined but never used                                                                              no-unused-vars
  Line 25:3:   'Divider' is defined but never used                                                                              no-unused-vars
  Line 33:3:   'Visibility' is defined but never used                                                                           no-unused-vars
  Line 34:3:   'VisibilityOff' is defined but never used                                                                        no-unused-vars
  Line 92:6:   React Hook useEffect has a missing dependency: 'filterDrinks'. Either include it or remove the dependency array  react-hooks/exhaustive-deps
  Line 213:9:  'getAvailabilityColor' is assigned a value but never used                                                        no-unused-vars
  Line 217:9:  'getAvailabilityIcon' is assigned a value but never used                                                         no-unused-vars

webpack compiled with 1 warning
Compiling...
Compiled with warnings.

[eslint] 
src/components/EditDrinkDialog.js
  Line 27:12:  'ImageIcon' is defined but never used  no-unused-vars

src/contexts/AdminContext.js
  Line 17:10:  'socket' is assigned a value but never used  no-unused-vars

src/pages/CustomerLogin.js
  Line 82:6:  React Hook React.useEffect has a missing dependency: 'checkingPassword'. Either include it or remove the dependency array  react-hooks/exhaustive-deps

src/pages/Menu.js
  Line 10:3:  'Chip' is defined but never used                                                                                 no-unused-vars
  Line 50:6:  React Hook useEffect has a missing dependency: 'filterDrinks'. Either include it or remove the dependency array  react-hooks/exhaustive-deps

src/pages/MyOrders.js
  Line 39:21:  'isLoggedIn' is assigned a value but never used   no-unused-vars
  Line 156:9:  'fetchOrders' is assigned a value but never used  no-unused-vars

src/pages/admin/Inventory.js
  Line 16:3:   'IconButton' is defined but never used                                                                           no-unused-vars
  Line 17:3:   'Tooltip' is defined but never used                                                                              no-unused-vars
  Line 25:3:   'Divider' is defined but never used                                                                              no-unused-vars
  Line 33:3:   'Visibility' is defined but never used                                                                           no-unused-vars
  Line 34:3:   'VisibilityOff' is defined but never used                                                                        no-unused-vars
  Line 92:6:   React Hook useEffect has a missing dependency: 'filterDrinks'. Either include it or remove the dependency array  react-hooks/exhaustive-deps
  Line 213:9:  'getAvailabilityColor' is assigned a value but never used                                                        no-unused-vars
  Line 217:9:  'getAvailabilityIcon' is assigned a value but never used                                                         no-unused-vars

Search for the keywords to learn more about each warning.
To ignore, add // eslint-disable-next-line to the line before.

WARNING in [eslint] 
src/components/EditDrinkDialog.js
  Line 27:12:  'ImageIcon' is defined but never used  no-unused-vars

src/contexts/AdminContext.js
  Line 17:10:  'socket' is assigned a value but never used  no-unused-vars

src/pages/CustomerLogin.js
  Line 82:6:  React Hook React.useEffect has a missing dependency: 'checkingPassword'. Either include it or remove the dependency array  react-hooks/exhaustive-deps

src/pages/Menu.js
  Line 10:3:  'Chip' is defined but never used                                                                                 no-unused-vars
  Line 50:6:  React Hook useEffect has a missing dependency: 'filterDrinks'. Either include it or remove the dependency array  react-hooks/exhaustive-deps

src/pages/MyOrders.js
  Line 39:21:  'isLoggedIn' is assigned a value but never used   no-unused-vars
  Line 156:9:  'fetchOrders' is assigned a value but never used  no-unused-vars

src/pages/admin/Inventory.js
  Line 16:3:   'IconButton' is defined but never used                                                                           no-unused-vars
  Line 17:3:   'Tooltip' is defined but never used                                                                              no-unused-vars
  Line 25:3:   'Divider' is defined but never used                                                                              no-unused-vars
  Line 33:3:   'Visibility' is defined but never used                                                                           no-unused-vars
  Line 34:3:   'VisibilityOff' is defined but never used                                                                        no-unused-vars
  Line 92:6:   React Hook useEffect has a missing dependency: 'filterDrinks'. Either include it or remove the dependency array  react-hooks/exhaustive-deps
  Line 213:9:  'getAvailabilityColor' is assigned a value but never used                                                        no-unused-vars
  Line 217:9:  'getAvailabilityIcon' is assigned a value but never used                                                         no-unused-vars

webpack compiled with 1 warning
