
> admin-frontend@0.1.0 start
> PORT=3001 react-scripts start

(node:19791) [DEP_WEBPACK_DEV_SERVER_ON_AFTER_SETUP_MIDDLEWARE] DeprecationWarning: 'onAfterSetupMiddleware' option is deprecated. Please use the 'setupMiddlewares' option.
(Use `node --trace-deprecation ...` to show where the warning was created)
(node:19791) [DEP_WEBPACK_DEV_SERVER_ON_BEFORE_SETUP_MIDDLEWARE] DeprecationWarning: 'onBeforeSetupMiddleware' option is deprecated. Please use the 'setupMiddlewares' option.
Starting the development server...

Compiled successfully!

You can now view admin-frontend in the browser.

  Local:            http://localhost:3001
  On Your Network:  http://192.168.1.66:3001

Note that the development build is not optimized.
To create a production build, use npm run build.

webpack compiled successfully
(node:19791) [DEP0060] DeprecationWarning: The `util._extend` API is deprecated. Please use Object.assign() instead.
Compiling...
Compiled with warnings.

[eslint] 
src/pages/Settings.js
  Line 116:6:    React Hook useEffect has a missing dependency: 'fetchAllData'. Either include it or remove the dependency array                                                                                  react-hooks/exhaustive-deps
  Line 273:33:   Unnecessary escape character: \+                                                                                                                                                                 no-useless-escape
  Line 273:35:   Unnecessary escape character: \(                                                                                                                                                                 no-useless-escape
  Line 273:37:   Unnecessary escape character: \)                                                                                                                                                                 no-useless-escape
  Line 1159:25:  Redundant alt attribute. Screen-readers already announce `img` tags as an image. You don’t need to use the words `image`, `photo,` or `picture` (or any specified custom words) in the alt prop  jsx-a11y/img-redundant-alt
  Line 1217:23:  Redundant alt attribute. Screen-readers already announce `img` tags as an image. You don’t need to use the words `image`, `photo,` or `picture` (or any specified custom words) in the alt prop  jsx-a11y/img-redundant-alt

Search for the keywords to learn more about each warning.
To ignore, add // eslint-disable-next-line to the line before.

WARNING in [eslint] 
src/pages/Settings.js
  Line 116:6:    React Hook useEffect has a missing dependency: 'fetchAllData'. Either include it or remove the dependency array                                                                                  react-hooks/exhaustive-deps
  Line 273:33:   Unnecessary escape character: \+                                                                                                                                                                 no-useless-escape
  Line 273:35:   Unnecessary escape character: \(                                                                                                                                                                 no-useless-escape
  Line 273:37:   Unnecessary escape character: \)                                                                                                                                                                 no-useless-escape
  Line 1159:25:  Redundant alt attribute. Screen-readers already announce `img` tags as an image. You don’t need to use the words `image`, `photo,` or `picture` (or any specified custom words) in the alt prop  jsx-a11y/img-redundant-alt
  Line 1217:23:  Redundant alt attribute. Screen-readers already announce `img` tags as an image. You don’t need to use the words `image`, `photo,` or `picture` (or any specified custom words) in the alt prop  jsx-a11y/img-redundant-alt

webpack compiled with 1 warning
Compiling...
Compiled with warnings.

[eslint] 
src/pages/Settings.js
  Line 116:6:    React Hook useEffect has a missing dependency: 'fetchAllData'. Either include it or remove the dependency array                                                                                  react-hooks/exhaustive-deps
  Line 273:33:   Unnecessary escape character: \+                                                                                                                                                                 no-useless-escape
  Line 273:35:   Unnecessary escape character: \(                                                                                                                                                                 no-useless-escape
  Line 273:37:   Unnecessary escape character: \)                                                                                                                                                                 no-useless-escape
  Line 1161:25:  Redundant alt attribute. Screen-readers already announce `img` tags as an image. You don’t need to use the words `image`, `photo,` or `picture` (or any specified custom words) in the alt prop  jsx-a11y/img-redundant-alt
  Line 1219:23:  Redundant alt attribute. Screen-readers already announce `img` tags as an image. You don’t need to use the words `image`, `photo,` or `picture` (or any specified custom words) in the alt prop  jsx-a11y/img-redundant-alt

Search for the keywords to learn more about each warning.
To ignore, add // eslint-disable-next-line to the line before.

WARNING in [eslint] 
src/pages/Settings.js
  Line 116:6:    React Hook useEffect has a missing dependency: 'fetchAllData'. Either include it or remove the dependency array                                                                                  react-hooks/exhaustive-deps
  Line 273:33:   Unnecessary escape character: \+                                                                                                                                                                 no-useless-escape
  Line 273:35:   Unnecessary escape character: \(                                                                                                                                                                 no-useless-escape
  Line 273:37:   Unnecessary escape character: \)                                                                                                                                                                 no-useless-escape
  Line 1161:25:  Redundant alt attribute. Screen-readers already announce `img` tags as an image. You don’t need to use the words `image`, `photo,` or `picture` (or any specified custom words) in the alt prop  jsx-a11y/img-redundant-alt
  Line 1219:23:  Redundant alt attribute. Screen-readers already announce `img` tags as an image. You don’t need to use the words `image`, `photo,` or `picture` (or any specified custom words) in the alt prop  jsx-a11y/img-redundant-alt

webpack compiled with 1 warning
Compiling...
Compiled with warnings.

[eslint] 
src/pages/Settings.js
  Line 116:6:    React Hook useEffect has a missing dependency: 'fetchAllData'. Either include it or remove the dependency array                                                                                  react-hooks/exhaustive-deps
  Line 273:33:   Unnecessary escape character: \+                                                                                                                                                                 no-useless-escape
  Line 273:35:   Unnecessary escape character: \(                                                                                                                                                                 no-useless-escape
  Line 273:37:   Unnecessary escape character: \)                                                                                                                                                                 no-useless-escape
  Line 1162:25:  Redundant alt attribute. Screen-readers already announce `img` tags as an image. You don’t need to use the words `image`, `photo,` or `picture` (or any specified custom words) in the alt prop  jsx-a11y/img-redundant-alt
  Line 1220:23:  Redundant alt attribute. Screen-readers already announce `img` tags as an image. You don’t need to use the words `image`, `photo,` or `picture` (or any specified custom words) in the alt prop  jsx-a11y/img-redundant-alt

Search for the keywords to learn more about each warning.
To ignore, add // eslint-disable-next-line to the line before.

WARNING in [eslint] 
src/pages/Settings.js
  Line 116:6:    React Hook useEffect has a missing dependency: 'fetchAllData'. Either include it or remove the dependency array                                                                                  react-hooks/exhaustive-deps
  Line 273:33:   Unnecessary escape character: \+                                                                                                                                                                 no-useless-escape
  Line 273:35:   Unnecessary escape character: \(                                                                                                                                                                 no-useless-escape
  Line 273:37:   Unnecessary escape character: \)                                                                                                                                                                 no-useless-escape
  Line 1162:25:  Redundant alt attribute. Screen-readers already announce `img` tags as an image. You don’t need to use the words `image`, `photo,` or `picture` (or any specified custom words) in the alt prop  jsx-a11y/img-redundant-alt
  Line 1220:23:  Redundant alt attribute. Screen-readers already announce `img` tags as an image. You don’t need to use the words `image`, `photo,` or `picture` (or any specified custom words) in the alt prop  jsx-a11y/img-redundant-alt

webpack compiled with 1 warning
Compiling...
Compiled with warnings.

[eslint] 
src/pages/Settings.js
  Line 116:6:    React Hook useEffect has a missing dependency: 'fetchAllData'. Either include it or remove the dependency array                                                                                  react-hooks/exhaustive-deps
  Line 273:33:   Unnecessary escape character: \+                                                                                                                                                                 no-useless-escape
  Line 273:35:   Unnecessary escape character: \(                                                                                                                                                                 no-useless-escape
  Line 273:37:   Unnecessary escape character: \)                                                                                                                                                                 no-useless-escape
  Line 1163:25:  Redundant alt attribute. Screen-readers already announce `img` tags as an image. You don’t need to use the words `image`, `photo,` or `picture` (or any specified custom words) in the alt prop  jsx-a11y/img-redundant-alt
  Line 1221:23:  Redundant alt attribute. Screen-readers already announce `img` tags as an image. You don’t need to use the words `image`, `photo,` or `picture` (or any specified custom words) in the alt prop  jsx-a11y/img-redundant-alt

Search for the keywords to learn more about each warning.
To ignore, add // eslint-disable-next-line to the line before.

WARNING in [eslint] 
src/pages/Settings.js
  Line 116:6:    React Hook useEffect has a missing dependency: 'fetchAllData'. Either include it or remove the dependency array                                                                                  react-hooks/exhaustive-deps
  Line 273:33:   Unnecessary escape character: \+                                                                                                                                                                 no-useless-escape
  Line 273:35:   Unnecessary escape character: \(                                                                                                                                                                 no-useless-escape
  Line 273:37:   Unnecessary escape character: \)                                                                                                                                                                 no-useless-escape
  Line 1163:25:  Redundant alt attribute. Screen-readers already announce `img` tags as an image. You don’t need to use the words `image`, `photo,` or `picture` (or any specified custom words) in the alt prop  jsx-a11y/img-redundant-alt
  Line 1221:23:  Redundant alt attribute. Screen-readers already announce `img` tags as an image. You don’t need to use the words `image`, `photo,` or `picture` (or any specified custom words) in the alt prop  jsx-a11y/img-redundant-alt

webpack compiled with 1 warning
Compiling...
Compiled with warnings.

[eslint] 
src/pages/Settings.js
  Line 116:6:    React Hook useEffect has a missing dependency: 'fetchAllData'. Either include it or remove the dependency array                                                                                  react-hooks/exhaustive-deps
  Line 273:33:   Unnecessary escape character: \+                                                                                                                                                                 no-useless-escape
  Line 273:35:   Unnecessary escape character: \(                                                                                                                                                                 no-useless-escape
  Line 273:37:   Unnecessary escape character: \)                                                                                                                                                                 no-useless-escape
  Line 1190:25:  Redundant alt attribute. Screen-readers already announce `img` tags as an image. You don’t need to use the words `image`, `photo,` or `picture` (or any specified custom words) in the alt prop  jsx-a11y/img-redundant-alt
  Line 1248:23:  Redundant alt attribute. Screen-readers already announce `img` tags as an image. You don’t need to use the words `image`, `photo,` or `picture` (or any specified custom words) in the alt prop  jsx-a11y/img-redundant-alt

Search for the keywords to learn more about each warning.
To ignore, add // eslint-disable-next-line to the line before.

WARNING in [eslint] 
src/pages/Settings.js
  Line 116:6:    React Hook useEffect has a missing dependency: 'fetchAllData'. Either include it or remove the dependency array                                                                                  react-hooks/exhaustive-deps
  Line 273:33:   Unnecessary escape character: \+                                                                                                                                                                 no-useless-escape
  Line 273:35:   Unnecessary escape character: \(                                                                                                                                                                 no-useless-escape
  Line 273:37:   Unnecessary escape character: \)                                                                                                                                                                 no-useless-escape
  Line 1190:25:  Redundant alt attribute. Screen-readers already announce `img` tags as an image. You don’t need to use the words `image`, `photo,` or `picture` (or any specified custom words) in the alt prop  jsx-a11y/img-redundant-alt
  Line 1248:23:  Redundant alt attribute. Screen-readers already announce `img` tags as an image. You don’t need to use the words `image`, `photo,` or `picture` (or any specified custom words) in the alt prop  jsx-a11y/img-redundant-alt

webpack compiled with 1 warning
Compiling...
Compiled with warnings.

[eslint] 
src/pages/Settings.js
  Line 116:6:    React Hook useEffect has a missing dependency: 'fetchAllData'. Either include it or remove the dependency array                                                                                  react-hooks/exhaustive-deps
  Line 273:33:   Unnecessary escape character: \+                                                                                                                                                                 no-useless-escape
  Line 273:35:   Unnecessary escape character: \(                                                                                                                                                                 no-useless-escape
  Line 273:37:   Unnecessary escape character: \)                                                                                                                                                                 no-useless-escape
  Line 1190:25:  Redundant alt attribute. Screen-readers already announce `img` tags as an image. You don’t need to use the words `image`, `photo,` or `picture` (or any specified custom words) in the alt prop  jsx-a11y/img-redundant-alt
  Line 1248:23:  Redundant alt attribute. Screen-readers already announce `img` tags as an image. You don’t need to use the words `image`, `photo,` or `picture` (or any specified custom words) in the alt prop  jsx-a11y/img-redundant-alt

Search for the keywords to learn more about each warning.
To ignore, add // eslint-disable-next-line to the line before.

WARNING in [eslint] 
src/pages/Settings.js
  Line 116:6:    React Hook useEffect has a missing dependency: 'fetchAllData'. Either include it or remove the dependency array                                                                                  react-hooks/exhaustive-deps
  Line 273:33:   Unnecessary escape character: \+                                                                                                                                                                 no-useless-escape
  Line 273:35:   Unnecessary escape character: \(                                                                                                                                                                 no-useless-escape
  Line 273:37:   Unnecessary escape character: \)                                                                                                                                                                 no-useless-escape
  Line 1190:25:  Redundant alt attribute. Screen-readers already announce `img` tags as an image. You don’t need to use the words `image`, `photo,` or `picture` (or any specified custom words) in the alt prop  jsx-a11y/img-redundant-alt
  Line 1248:23:  Redundant alt attribute. Screen-readers already announce `img` tags as an image. You don’t need to use the words `image`, `photo,` or `picture` (or any specified custom words) in the alt prop  jsx-a11y/img-redundant-alt

webpack compiled with 1 warning
Compiling...
Compiled with warnings.

[eslint] 
src/pages/Settings.js
  Line 116:6:    React Hook useEffect has a missing dependency: 'fetchAllData'. Either include it or remove the dependency array                                                                                  react-hooks/exhaustive-deps
  Line 273:33:   Unnecessary escape character: \+                                                                                                                                                                 no-useless-escape
  Line 273:35:   Unnecessary escape character: \(                                                                                                                                                                 no-useless-escape
  Line 273:37:   Unnecessary escape character: \)                                                                                                                                                                 no-useless-escape
  Line 1190:25:  Redundant alt attribute. Screen-readers already announce `img` tags as an image. You don’t need to use the words `image`, `photo,` or `picture` (or any specified custom words) in the alt prop  jsx-a11y/img-redundant-alt
  Line 1248:23:  Redundant alt attribute. Screen-readers already announce `img` tags as an image. You don’t need to use the words `image`, `photo,` or `picture` (or any specified custom words) in the alt prop  jsx-a11y/img-redundant-alt

Search for the keywords to learn more about each warning.
To ignore, add // eslint-disable-next-line to the line before.

WARNING in [eslint] 
src/pages/Settings.js
  Line 116:6:    React Hook useEffect has a missing dependency: 'fetchAllData'. Either include it or remove the dependency array                                                                                  react-hooks/exhaustive-deps
  Line 273:33:   Unnecessary escape character: \+                                                                                                                                                                 no-useless-escape
  Line 273:35:   Unnecessary escape character: \(                                                                                                                                                                 no-useless-escape
  Line 273:37:   Unnecessary escape character: \)                                                                                                                                                                 no-useless-escape
  Line 1190:25:  Redundant alt attribute. Screen-readers already announce `img` tags as an image. You don’t need to use the words `image`, `photo,` or `picture` (or any specified custom words) in the alt prop  jsx-a11y/img-redundant-alt
  Line 1248:23:  Redundant alt attribute. Screen-readers already announce `img` tags as an image. You don’t need to use the words `image`, `photo,` or `picture` (or any specified custom words) in the alt prop  jsx-a11y/img-redundant-alt

webpack compiled with 1 warning
Compiling...
Compiled with warnings.

[eslint] 
src/pages/Settings.js
  Line 116:6:    React Hook useEffect has a missing dependency: 'fetchAllData'. Either include it or remove the dependency array                                                                                  react-hooks/exhaustive-deps
  Line 273:33:   Unnecessary escape character: \+                                                                                                                                                                 no-useless-escape
  Line 273:35:   Unnecessary escape character: \(                                                                                                                                                                 no-useless-escape
  Line 273:37:   Unnecessary escape character: \)                                                                                                                                                                 no-useless-escape
  Line 1190:25:  Redundant alt attribute. Screen-readers already announce `img` tags as an image. You don’t need to use the words `image`, `photo,` or `picture` (or any specified custom words) in the alt prop  jsx-a11y/img-redundant-alt
  Line 1248:23:  Redundant alt attribute. Screen-readers already announce `img` tags as an image. You don’t need to use the words `image`, `photo,` or `picture` (or any specified custom words) in the alt prop  jsx-a11y/img-redundant-alt

Search for the keywords to learn more about each warning.
To ignore, add // eslint-disable-next-line to the line before.

WARNING in [eslint] 
src/pages/Settings.js
  Line 116:6:    React Hook useEffect has a missing dependency: 'fetchAllData'. Either include it or remove the dependency array                                                                                  react-hooks/exhaustive-deps
  Line 273:33:   Unnecessary escape character: \+                                                                                                                                                                 no-useless-escape
  Line 273:35:   Unnecessary escape character: \(                                                                                                                                                                 no-useless-escape
  Line 273:37:   Unnecessary escape character: \)                                                                                                                                                                 no-useless-escape
  Line 1190:25:  Redundant alt attribute. Screen-readers already announce `img` tags as an image. You don’t need to use the words `image`, `photo,` or `picture` (or any specified custom words) in the alt prop  jsx-a11y/img-redundant-alt
  Line 1248:23:  Redundant alt attribute. Screen-readers already announce `img` tags as an image. You don’t need to use the words `image`, `photo,` or `picture` (or any specified custom words) in the alt prop  jsx-a11y/img-redundant-alt

webpack compiled with 1 warning
Compiling...
Compiled with warnings.

[eslint] 
src/pages/Settings.js
  Line 116:6:    React Hook useEffect has a missing dependency: 'fetchAllData'. Either include it or remove the dependency array                                                                                  react-hooks/exhaustive-deps
  Line 273:33:   Unnecessary escape character: \+                                                                                                                                                                 no-useless-escape
  Line 273:35:   Unnecessary escape character: \(                                                                                                                                                                 no-useless-escape
  Line 273:37:   Unnecessary escape character: \)                                                                                                                                                                 no-useless-escape
  Line 1190:25:  Redundant alt attribute. Screen-readers already announce `img` tags as an image. You don’t need to use the words `image`, `photo,` or `picture` (or any specified custom words) in the alt prop  jsx-a11y/img-redundant-alt
  Line 1248:23:  Redundant alt attribute. Screen-readers already announce `img` tags as an image. You don’t need to use the words `image`, `photo,` or `picture` (or any specified custom words) in the alt prop  jsx-a11y/img-redundant-alt

src/pages/Transactions.js
  Line 36:3:  'Warning' is defined but never used                                                                                    no-unused-vars
  Line 38:3:  'AttachMoney' is defined but never used                                                                                no-unused-vars
  Line 44:3:  'CalendarToday' is defined but never used                                                                              no-unused-vars
  Line 68:6:  React Hook useEffect has a missing dependency: 'filterTransactions'. Either include it or remove the dependency array  react-hooks/exhaustive-deps

Search for the keywords to learn more about each warning.
To ignore, add // eslint-disable-next-line to the line before.

WARNING in [eslint] 
src/pages/Settings.js
  Line 116:6:    React Hook useEffect has a missing dependency: 'fetchAllData'. Either include it or remove the dependency array                                                                                  react-hooks/exhaustive-deps
  Line 273:33:   Unnecessary escape character: \+                                                                                                                                                                 no-useless-escape
  Line 273:35:   Unnecessary escape character: \(                                                                                                                                                                 no-useless-escape
  Line 273:37:   Unnecessary escape character: \)                                                                                                                                                                 no-useless-escape
  Line 1190:25:  Redundant alt attribute. Screen-readers already announce `img` tags as an image. You don’t need to use the words `image`, `photo,` or `picture` (or any specified custom words) in the alt prop  jsx-a11y/img-redundant-alt
  Line 1248:23:  Redundant alt attribute. Screen-readers already announce `img` tags as an image. You don’t need to use the words `image`, `photo,` or `picture` (or any specified custom words) in the alt prop  jsx-a11y/img-redundant-alt

src/pages/Transactions.js
  Line 36:3:  'Warning' is defined but never used                                                                                    no-unused-vars
  Line 38:3:  'AttachMoney' is defined but never used                                                                                no-unused-vars
  Line 44:3:  'CalendarToday' is defined but never used                                                                              no-unused-vars
  Line 68:6:  React Hook useEffect has a missing dependency: 'filterTransactions'. Either include it or remove the dependency array  react-hooks/exhaustive-deps

webpack compiled with 1 warning
Compiling...
Compiled with warnings.

[eslint] 
src/pages/Settings.js
  Line 116:6:    React Hook useEffect has a missing dependency: 'fetchAllData'. Either include it or remove the dependency array                                                                                  react-hooks/exhaustive-deps
  Line 273:33:   Unnecessary escape character: \+                                                                                                                                                                 no-useless-escape
  Line 273:35:   Unnecessary escape character: \(                                                                                                                                                                 no-useless-escape
  Line 273:37:   Unnecessary escape character: \)                                                                                                                                                                 no-useless-escape
  Line 1190:25:  Redundant alt attribute. Screen-readers already announce `img` tags as an image. You don’t need to use the words `image`, `photo,` or `picture` (or any specified custom words) in the alt prop  jsx-a11y/img-redundant-alt
  Line 1248:23:  Redundant alt attribute. Screen-readers already announce `img` tags as an image. You don’t need to use the words `image`, `photo,` or `picture` (or any specified custom words) in the alt prop  jsx-a11y/img-redundant-alt

src/pages/Transactions.js
  Line 36:3:  'Warning' is defined but never used                                                                                    no-unused-vars
  Line 38:3:  'AttachMoney' is defined but never used                                                                                no-unused-vars
  Line 44:3:  'CalendarToday' is defined but never used                                                                              no-unused-vars
  Line 68:6:  React Hook useEffect has a missing dependency: 'filterTransactions'. Either include it or remove the dependency array  react-hooks/exhaustive-deps

Search for the keywords to learn more about each warning.
To ignore, add // eslint-disable-next-line to the line before.

WARNING in [eslint] 
src/pages/Settings.js
  Line 116:6:    React Hook useEffect has a missing dependency: 'fetchAllData'. Either include it or remove the dependency array                                                                                  react-hooks/exhaustive-deps
  Line 273:33:   Unnecessary escape character: \+                                                                                                                                                                 no-useless-escape
  Line 273:35:   Unnecessary escape character: \(                                                                                                                                                                 no-useless-escape
  Line 273:37:   Unnecessary escape character: \)                                                                                                                                                                 no-useless-escape
  Line 1190:25:  Redundant alt attribute. Screen-readers already announce `img` tags as an image. You don’t need to use the words `image`, `photo,` or `picture` (or any specified custom words) in the alt prop  jsx-a11y/img-redundant-alt
  Line 1248:23:  Redundant alt attribute. Screen-readers already announce `img` tags as an image. You don’t need to use the words `image`, `photo,` or `picture` (or any specified custom words) in the alt prop  jsx-a11y/img-redundant-alt

src/pages/Transactions.js
  Line 36:3:  'Warning' is defined but never used                                                                                    no-unused-vars
  Line 38:3:  'AttachMoney' is defined but never used                                                                                no-unused-vars
  Line 44:3:  'CalendarToday' is defined but never used                                                                              no-unused-vars
  Line 68:6:  React Hook useEffect has a missing dependency: 'filterTransactions'. Either include it or remove the dependency array  react-hooks/exhaustive-deps

webpack compiled with 1 warning
Compiling...
Compiled with warnings.

[eslint] 
src/pages/Settings.js
  Line 116:6:    React Hook useEffect has a missing dependency: 'fetchAllData'. Either include it or remove the dependency array                                                                                  react-hooks/exhaustive-deps
  Line 273:33:   Unnecessary escape character: \+                                                                                                                                                                 no-useless-escape
  Line 273:35:   Unnecessary escape character: \(                                                                                                                                                                 no-useless-escape
  Line 273:37:   Unnecessary escape character: \)                                                                                                                                                                 no-useless-escape
  Line 1190:25:  Redundant alt attribute. Screen-readers already announce `img` tags as an image. You don’t need to use the words `image`, `photo,` or `picture` (or any specified custom words) in the alt prop  jsx-a11y/img-redundant-alt
  Line 1248:23:  Redundant alt attribute. Screen-readers already announce `img` tags as an image. You don’t need to use the words `image`, `photo,` or `picture` (or any specified custom words) in the alt prop  jsx-a11y/img-redundant-alt

src/pages/Transactions.js
  Line 36:3:  'Warning' is defined but never used                                                                                    no-unused-vars
  Line 38:3:  'AttachMoney' is defined but never used                                                                                no-unused-vars
  Line 44:3:  'CalendarToday' is defined but never used                                                                              no-unused-vars
  Line 68:6:  React Hook useEffect has a missing dependency: 'filterTransactions'. Either include it or remove the dependency array  react-hooks/exhaustive-deps

Search for the keywords to learn more about each warning.
To ignore, add // eslint-disable-next-line to the line before.

WARNING in [eslint] 
src/pages/Settings.js
  Line 116:6:    React Hook useEffect has a missing dependency: 'fetchAllData'. Either include it or remove the dependency array                                                                                  react-hooks/exhaustive-deps
  Line 273:33:   Unnecessary escape character: \+                                                                                                                                                                 no-useless-escape
  Line 273:35:   Unnecessary escape character: \(                                                                                                                                                                 no-useless-escape
  Line 273:37:   Unnecessary escape character: \)                                                                                                                                                                 no-useless-escape
  Line 1190:25:  Redundant alt attribute. Screen-readers already announce `img` tags as an image. You don’t need to use the words `image`, `photo,` or `picture` (or any specified custom words) in the alt prop  jsx-a11y/img-redundant-alt
  Line 1248:23:  Redundant alt attribute. Screen-readers already announce `img` tags as an image. You don’t need to use the words `image`, `photo,` or `picture` (or any specified custom words) in the alt prop  jsx-a11y/img-redundant-alt

src/pages/Transactions.js
  Line 36:3:  'Warning' is defined but never used                                                                                    no-unused-vars
  Line 38:3:  'AttachMoney' is defined but never used                                                                                no-unused-vars
  Line 44:3:  'CalendarToday' is defined but never used                                                                              no-unused-vars
  Line 68:6:  React Hook useEffect has a missing dependency: 'filterTransactions'. Either include it or remove the dependency array  react-hooks/exhaustive-deps

webpack compiled with 1 warning
Compiling...
Compiled with warnings.

[eslint] 
src/pages/Settings.js
  Line 116:6:    React Hook useEffect has a missing dependency: 'fetchAllData'. Either include it or remove the dependency array                                                                                  react-hooks/exhaustive-deps
  Line 273:33:   Unnecessary escape character: \+                                                                                                                                                                 no-useless-escape
  Line 273:35:   Unnecessary escape character: \(                                                                                                                                                                 no-useless-escape
  Line 273:37:   Unnecessary escape character: \)                                                                                                                                                                 no-useless-escape
  Line 1190:25:  Redundant alt attribute. Screen-readers already announce `img` tags as an image. You don’t need to use the words `image`, `photo,` or `picture` (or any specified custom words) in the alt prop  jsx-a11y/img-redundant-alt
  Line 1248:23:  Redundant alt attribute. Screen-readers already announce `img` tags as an image. You don’t need to use the words `image`, `photo,` or `picture` (or any specified custom words) in the alt prop  jsx-a11y/img-redundant-alt

src/pages/Transactions.js
  Line 36:3:  'Warning' is defined but never used                                                                                    no-unused-vars
  Line 38:3:  'AttachMoney' is defined but never used                                                                                no-unused-vars
  Line 44:3:  'CalendarToday' is defined but never used                                                                              no-unused-vars
  Line 68:6:  React Hook useEffect has a missing dependency: 'filterTransactions'. Either include it or remove the dependency array  react-hooks/exhaustive-deps

Search for the keywords to learn more about each warning.
To ignore, add // eslint-disable-next-line to the line before.

WARNING in [eslint] 
src/pages/Settings.js
  Line 116:6:    React Hook useEffect has a missing dependency: 'fetchAllData'. Either include it or remove the dependency array                                                                                  react-hooks/exhaustive-deps
  Line 273:33:   Unnecessary escape character: \+                                                                                                                                                                 no-useless-escape
  Line 273:35:   Unnecessary escape character: \(                                                                                                                                                                 no-useless-escape
  Line 273:37:   Unnecessary escape character: \)                                                                                                                                                                 no-useless-escape
  Line 1190:25:  Redundant alt attribute. Screen-readers already announce `img` tags as an image. You don’t need to use the words `image`, `photo,` or `picture` (or any specified custom words) in the alt prop  jsx-a11y/img-redundant-alt
  Line 1248:23:  Redundant alt attribute. Screen-readers already announce `img` tags as an image. You don’t need to use the words `image`, `photo,` or `picture` (or any specified custom words) in the alt prop  jsx-a11y/img-redundant-alt

src/pages/Transactions.js
  Line 36:3:  'Warning' is defined but never used                                                                                    no-unused-vars
  Line 38:3:  'AttachMoney' is defined but never used                                                                                no-unused-vars
  Line 44:3:  'CalendarToday' is defined but never used                                                                              no-unused-vars
  Line 68:6:  React Hook useEffect has a missing dependency: 'filterTransactions'. Either include it or remove the dependency array  react-hooks/exhaustive-deps

webpack compiled with 1 warning
Compiling...
Compiled with warnings.

[eslint] 
src/pages/Settings.js
  Line 116:6:    React Hook useEffect has a missing dependency: 'fetchAllData'. Either include it or remove the dependency array                                                                                  react-hooks/exhaustive-deps
  Line 273:33:   Unnecessary escape character: \+                                                                                                                                                                 no-useless-escape
  Line 273:35:   Unnecessary escape character: \(                                                                                                                                                                 no-useless-escape
  Line 273:37:   Unnecessary escape character: \)                                                                                                                                                                 no-useless-escape
  Line 1190:25:  Redundant alt attribute. Screen-readers already announce `img` tags as an image. You don’t need to use the words `image`, `photo,` or `picture` (or any specified custom words) in the alt prop  jsx-a11y/img-redundant-alt
  Line 1248:23:  Redundant alt attribute. Screen-readers already announce `img` tags as an image. You don’t need to use the words `image`, `photo,` or `picture` (or any specified custom words) in the alt prop  jsx-a11y/img-redundant-alt

src/pages/Transactions.js
  Line 36:3:  'Warning' is defined but never used                                                                                    no-unused-vars
  Line 38:3:  'AttachMoney' is defined but never used                                                                                no-unused-vars
  Line 44:3:  'CalendarToday' is defined but never used                                                                              no-unused-vars
  Line 68:6:  React Hook useEffect has a missing dependency: 'filterTransactions'. Either include it or remove the dependency array  react-hooks/exhaustive-deps

Search for the keywords to learn more about each warning.
To ignore, add // eslint-disable-next-line to the line before.

WARNING in [eslint] 
src/pages/Settings.js
  Line 116:6:    React Hook useEffect has a missing dependency: 'fetchAllData'. Either include it or remove the dependency array                                                                                  react-hooks/exhaustive-deps
  Line 273:33:   Unnecessary escape character: \+                                                                                                                                                                 no-useless-escape
  Line 273:35:   Unnecessary escape character: \(                                                                                                                                                                 no-useless-escape
  Line 273:37:   Unnecessary escape character: \)                                                                                                                                                                 no-useless-escape
  Line 1190:25:  Redundant alt attribute. Screen-readers already announce `img` tags as an image. You don’t need to use the words `image`, `photo,` or `picture` (or any specified custom words) in the alt prop  jsx-a11y/img-redundant-alt
  Line 1248:23:  Redundant alt attribute. Screen-readers already announce `img` tags as an image. You don’t need to use the words `image`, `photo,` or `picture` (or any specified custom words) in the alt prop  jsx-a11y/img-redundant-alt

src/pages/Transactions.js
  Line 36:3:  'Warning' is defined but never used                                                                                    no-unused-vars
  Line 38:3:  'AttachMoney' is defined but never used                                                                                no-unused-vars
  Line 44:3:  'CalendarToday' is defined but never used                                                                              no-unused-vars
  Line 68:6:  React Hook useEffect has a missing dependency: 'filterTransactions'. Either include it or remove the dependency array  react-hooks/exhaustive-deps

webpack compiled with 1 warning
